<?xml version="1.0" encoding="UTF-8"?>
<!-- Generated by org.testng.reporters.JUnitXMLReporter -->
<testsuite hostname="QAP16-PC" ignored="0" name="TestScripts" tests="2" failures="1" timestamp="13 Feb 2019 11:40:06 GMT" time="19.748" errors="0">
  <testcase name="verifyOrangeHRM" time="13.486" classname="TestScripts.Tc1_Login"/>
  <testcase name="AddEmployee" time="6.2" classname="TestScripts.TC2_AddEmp">
    <failure type="org.openqa.selenium.NoSuchFrameException" message="No frame element found by name or id rightMenu
Build info: version: &amp;apos;3.141.59&amp;apos;, revision: &amp;apos;e82be7d358&amp;apos;, time: &amp;apos;2018-11-14T08:25:53&amp;apos;
System info: host: &amp;apos;QAP16-PC&amp;apos;, ip: &amp;apos;192.168.0.120&amp;apos;, os.name: &amp;apos;Windows 7&amp;apos;, os.arch: &amp;apos;x86&amp;apos;, os.version: &amp;apos;6.1&amp;apos;, java.version: &amp;apos;1.8.0_112&amp;apos;
Driver info: driver.version: unknown">
      <![CDATA[org.openqa.selenium.NoSuchFrameException: No frame element found by name or id rightMenu
Build info: version: '3.141.59', revision: 'e82be7d358', time: '2018-11-14T08:25:53'
System info: host: 'QAP16-PC', ip: '192.168.0.120', os.name: 'Windows 7', os.arch: 'x86', os.version: '6.1', java.version: '1.8.0_112'
Driver info: driver.version: unknown
at org.openqa.selenium.remote.RemoteWebDriver$RemoteTargetLocator.frame(RemoteWebDriver.java:885)
at LIB.Common.selectFrameById(Common.java:186)
at BusinessFunctions.AddEmp.addEmp(AddEmp.java:26)
at TestScripts.TC2_AddEmp.AddEmployee(TC2_AddEmp.java:24)
... Removed 25 stack frames]]>
    </failure>
  </testcase> <!-- AddEmployee -->
</testsuite> <!-- TestScripts -->
